<?xml version="1.0" encoding="UTF-8"?>
<testsuite xmlns:xsi="http://www.w3.org/2001/XMLSchema-instance" xsi:noNamespaceSchemaLocation="https://maven.apache.org/surefire/maven-surefire-plugin/xsd/surefire-test-report-3.0.xsd" version="3.0" name="org.sample.telegrambot.AppTest" time="0.034" tests="1" errors="0" skipped="0" failures="0">
  <properties>
    <property name="java.specification.version" value="21"/>
    <property name="sun.cpu.isalist" value="amd64"/>
    <property name="sun.jnu.encoding" value="Cp1252"/>
    <property name="java.class.path" value="C:\Users\CENTOS-1\Desktop\cod60\Caelynx_workspace\telegrambot\target\test-classes;C:\Users\CENTOS-1\Desktop\cod60\Caelynx_workspace\telegrambot\target\classes;C:\Users\CENTOS-1\.m2\repository\junit\junit\3.8.1\junit-3.8.1.jar;C:\Users\CENTOS-1\.m2\repository\io\quarkus\quarkus-resteasy\3.8.6\quarkus-resteasy-3.8.6.jar;C:\Users\CENTOS-1\.m2\repository\io\quarkus\quarkus-vertx-http\3.8.6\quarkus-vertx-http-3.8.6.jar;C:\Users\CENTOS-1\.m2\repository\io\quarkus\quarkus-core\3.8.6\quarkus-core-3.8.6.jar;C:\Users\CENTOS-1\.m2\repository\jakarta\annotation\jakarta.annotation-api\2.1.1\jakarta.annotation-api-2.1.1.jar;C:\Users\CENTOS-1\.m2\repository\jakarta\enterprise\jakarta.enterprise.cdi-api\4.0.1\jakarta.enterprise.cdi-api-4.0.1.jar;C:\Users\CENTOS-1\.m2\repository\jakarta\enterprise\jakarta.enterprise.lang-model\4.0.1\jakarta.enterprise.lang-model-4.0.1.jar;C:\Users\CENTOS-1\.m2\repository\jakarta\el\jakarta.el-api\5.0.1\jakarta.el-api-5.0.1.jar;C:\Users\CENTOS-1\.m2\repository\jakarta\inject\jakarta.inject-api\2.0.1\jakarta.inject-api-2.0.1.jar;C:\Users\CENTOS-1\.m2\repository\io\smallrye\common\smallrye-common-os\2.2.0\smallrye-common-os-2.2.0.jar;C:\Users\CENTOS-1\.m2\repository\io\quarkus\quarkus-ide-launcher\3.8.6\quarkus-ide-launcher-3.8.6.jar;C:\Users\CENTOS-1\.m2\repository\io\quarkus\quarkus-development-mode-spi\3.8.6\quarkus-development-mode-spi-3.8.6.jar;C:\Users\CENTOS-1\.m2\repository\io\smallrye\config\smallrye-config\3.5.4\smallrye-config-3.5.4.jar;C:\Users\CENTOS-1\.m2\repository\io\smallrye\config\smallrye-config-core\3.5.4\smallrye-config-core-3.5.4.jar;C:\Users\CENTOS-1\.m2\repository\io\smallrye\common\smallrye-common-classloader\2.2.0\smallrye-common-classloader-2.2.0.jar;C:\Users\CENTOS-1\.m2\repository\io\smallrye\config\smallrye-config-common\3.5.4\smallrye-config-common-3.5.4.jar;C:\Users\CENTOS-1\.m2\repository\org\jboss\logmanager\jboss-logmanager\3.0.6.Final\jboss-logmanager-3.0.6.Final.jar;C:\Users\CENTOS-1\.m2\repository\io\smallrye\common\smallrye-common-cpu\2.2.0\smallrye-common-cpu-2.2.0.jar;C:\Users\CENTOS-1\.m2\repository\io\smallrye\common\smallrye-common-expression\2.2.0\smallrye-common-expression-2.2.0.jar;C:\Users\CENTOS-1\.m2\repository\io\smallrye\common\smallrye-common-function\2.2.0\smallrye-common-function-2.2.0.jar;C:\Users\CENTOS-1\.m2\repository\io\smallrye\common\smallrye-common-net\2.2.0\smallrye-common-net-2.2.0.jar;C:\Users\CENTOS-1\.m2\repository\io\smallrye\common\smallrye-common-ref\2.2.0\smallrye-common-ref-2.2.0.jar;C:\Users\CENTOS-1\.m2\repository\jakarta\json\jakarta.json-api\2.1.3\jakarta.json-api-2.1.3.jar;C:\Users\CENTOS-1\.m2\repository\org\eclipse\parsson\parsson\1.1.5\parsson-1.1.5.jar;C:\Users\CENTOS-1\.m2\repository\org\jboss\logging\jboss-logging-annotations\2.2.1.Final\jboss-logging-annotations-2.2.1.Final.jar;C:\Users\CENTOS-1\.m2\repository\org\jboss\threads\jboss-threads\3.5.1.Final\jboss-threads-3.5.1.Final.jar;C:\Users\CENTOS-1\.m2\repository\org\slf4j\slf4j-api\2.0.6\slf4j-api-2.0.6.jar;C:\Users\CENTOS-1\.m2\repository\org\jboss\slf4j\slf4j-jboss-logmanager\2.0.0.Final\slf4j-jboss-logmanager-2.0.0.Final.jar;C:\Users\CENTOS-1\.m2\repository\org\wildfly\common\wildfly-common\1.7.0.Final\wildfly-common-1.7.0.Final.jar;C:\Users\CENTOS-1\.m2\repository\io\quarkus\quarkus-bootstrap-runner\3.8.6\quarkus-bootstrap-runner-3.8.6.jar;C:\Users\CENTOS-1\.m2\repository\io\smallrye\common\smallrye-common-io\2.2.0\smallrye-common-io-2.2.0.jar;C:\Users\CENTOS-1\.m2\repository\io\quarkus\quarkus-fs-util\0.0.10\quarkus-fs-util-0.0.10.jar;C:\Users\CENTOS-1\.m2\repository\io\quarkus\quarkus-security-runtime-spi\3.8.6\quarkus-security-runtime-spi-3.8.6.jar;C:\Users\CENTOS-1\.m2\repository\io\quarkus\quarkus-credentials\3.8.6\quarkus-credentials-3.8.6.jar;C:\Users\CENTOS-1\.m2\repository\io\quarkus\arc\arc\3.8.6\arc-3.8.6.jar;C:\Users\CENTOS-1\.m2\repository\jakarta\transaction\jakarta.transaction-api\2.0.1\jakarta.transaction-api-2.0.1.jar;C:\Users\CENTOS-1\.m2\repository\io\quarkus\quarkus-mutiny\3.8.6\quarkus-mutiny-3.8.6.jar;C:\Users\CENTOS-1\.m2\repository\io\smallrye\reactive\mutiny\2.5.8\mutiny-2.5.8.jar;C:\Users\CENTOS-1\.m2\repository\io\quarkus\quarkus-smallrye-context-propagation\3.8.6\quarkus-smallrye-context-propagation-3.8.6.jar;C:\Users\CENTOS-1\.m2\repository\io\smallrye\smallrye-context-propagation\2.1.2\smallrye-context-propagation-2.1.2.jar;C:\Users\CENTOS-1\.m2\repository\io\smallrye\smallrye-context-propagation-api\2.1.2\smallrye-context-propagation-api-2.1.2.jar;C:\Users\CENTOS-1\.m2\repository\io\smallrye\smallrye-context-propagation-storage\2.1.2\smallrye-context-propagation-storage-2.1.2.jar;C:\Users\CENTOS-1\.m2\repository\io\smallrye\reactive\mutiny-smallrye-context-propagation\2.5.8\mutiny-smallrye-context-propagation-2.5.8.jar;C:\Users\CENTOS-1\.m2\repository\io\smallrye\common\smallrye-common-vertx-context\2.2.0\smallrye-common-vertx-context-2.2.0.jar;C:\Users\CENTOS-1\.m2\repository\io\vertx\vertx-core\4.5.7\vertx-core-4.5.7.jar;C:\Users\CENTOS-1\.m2\repository\io\netty\netty-common\4.1.108.Final\netty-common-4.1.108.Final.jar;C:\Users\CENTOS-1\.m2\repository\io\netty\netty-buffer\4.1.108.Final\netty-buffer-4.1.108.Final.jar;C:\Users\CENTOS-1\.m2\repository\io\netty\netty-transport\4.1.108.Final\netty-transport-4.1.108.Final.jar;C:\Users\CENTOS-1\.m2\repository\io\netty\netty-handler\4.1.108.Final\netty-handler-4.1.108.Final.jar;C:\Users\CENTOS-1\.m2\repository\io\netty\netty-transport-native-unix-common\4.1.108.Final\netty-transport-native-unix-common-4.1.108.Final.jar;C:\Users\CENTOS-1\.m2\repository\io\netty\netty-handler-proxy\4.1.108.Final\netty-handler-proxy-4.1.108.Final.jar;C:\Users\CENTOS-1\.m2\repository\io\netty\netty-codec-socks\4.1.108.Final\netty-codec-socks-4.1.108.Final.jar;C:\Users\CENTOS-1\.m2\repository\io\netty\netty-codec-http\4.1.108.Final\netty-codec-http-4.1.108.Final.jar;C:\Users\CENTOS-1\.m2\repository\io\netty\netty-codec-http2\4.1.108.Final\netty-codec-http2-4.1.108.Final.jar;C:\Users\CENTOS-1\.m2\repository\io\netty\netty-resolver\4.1.108.Final\netty-resolver-4.1.108.Final.jar;C:\Users\CENTOS-1\.m2\repository\io\netty\netty-resolver-dns\4.1.108.Final\netty-resolver-dns-4.1.108.Final.jar;C:\Users\CENTOS-1\.m2\repository\io\netty\netty-codec-dns\4.1.108.Final\netty-codec-dns-4.1.108.Final.jar;C:\Users\CENTOS-1\.m2\repository\io\smallrye\common\smallrye-common-constraint\2.2.0\smallrye-common-constraint-2.2.0.jar;C:\Users\CENTOS-1\.m2\repository\io\quarkus\security\quarkus-security\2.0.3.Final\quarkus-security-2.0.3.Final.jar;C:\Users\CENTOS-1\.m2\repository\io\quarkus\quarkus-vertx\3.8.6\quarkus-vertx-3.8.6.jar;C:\Users\CENTOS-1\.m2\repository\io\quarkus\quarkus-netty\3.8.6\quarkus-netty-3.8.6.jar;C:\Users\CENTOS-1\.m2\repository\io\netty\netty-codec\4.1.108.Final\netty-codec-4.1.108.Final.jar;C:\Users\CENTOS-1\.m2\repository\com\aayushatharva\brotli4j\brotli4j\1.16.0\brotli4j-1.16.0.jar;C:\Users\CENTOS-1\.m2\repository\com\aayushatharva\brotli4j\service\1.16.0\service-1.16.0.jar;C:\Users\CENTOS-1\.m2\repository\com\aayushatharva\brotli4j\native-windows-x86_64\1.16.0\native-windows-x86_64-1.16.0.jar;C:\Users\CENTOS-1\.m2\repository\io\netty\netty-codec-haproxy\4.1.108.Final\netty-codec-haproxy-4.1.108.Final.jar;C:\Users\CENTOS-1\.m2\repository\io\smallrye\common\smallrye-common-annotation\2.2.0\smallrye-common-annotation-2.2.0.jar;C:\Users\CENTOS-1\.m2\repository\io\quarkus\quarkus-virtual-threads\3.8.6\quarkus-virtual-threads-3.8.6.jar;C:\Users\CENTOS-1\.m2\repository\io\quarkus\quarkus-vertx-latebound-mdc-provider\3.8.6\quarkus-vertx-latebound-mdc-provider-3.8.6.jar;C:\Users\CENTOS-1\.m2\repository\io\smallrye\reactive\smallrye-mutiny-vertx-core\3.11.0\smallrye-mutiny-vertx-core-3.11.0.jar;C:\Users\CENTOS-1\.m2\repository\io\smallrye\reactive\smallrye-mutiny-vertx-runtime\3.11.0\smallrye-mutiny-vertx-runtime-3.11.0.jar;C:\Users\CENTOS-1\.m2\repository\io\smallrye\reactive\vertx-mutiny-generator\3.11.0\vertx-mutiny-generator-3.11.0.jar;C:\Users\CENTOS-1\.m2\repository\io\vertx\vertx-codegen\4.5.7\vertx-codegen-4.5.7.jar;C:\Users\CENTOS-1\.m2\repository\io\smallrye\smallrye-fault-tolerance-vertx\6.2.6\smallrye-fault-tolerance-vertx-6.2.6.jar;C:\Users\CENTOS-1\.m2\repository\io\smallrye\reactive\smallrye-mutiny-vertx-web\3.11.0\smallrye-mutiny-vertx-web-3.11.0.jar;C:\Users\CENTOS-1\.m2\repository\io\smallrye\reactive\smallrye-mutiny-vertx-web-common\3.11.0\smallrye-mutiny-vertx-web-common-3.11.0.jar;C:\Users\CENTOS-1\.m2\repository\io\smallrye\reactive\smallrye-mutiny-vertx-auth-common\3.11.0\smallrye-mutiny-vertx-auth-common-3.11.0.jar;C:\Users\CENTOS-1\.m2\repository\io\smallrye\reactive\smallrye-mutiny-vertx-bridge-common\3.11.0\smallrye-mutiny-vertx-bridge-common-3.11.0.jar;C:\Users\CENTOS-1\.m2\repository\io\smallrye\reactive\smallrye-mutiny-vertx-uri-template\3.11.0\smallrye-mutiny-vertx-uri-template-3.11.0.jar;C:\Users\CENTOS-1\.m2\repository\io\vertx\vertx-uri-template\4.5.7\vertx-uri-template-4.5.7.jar;C:\Users\CENTOS-1\.m2\repository\io\vertx\vertx-web\4.5.7\vertx-web-4.5.7.jar;C:\Users\CENTOS-1\.m2\repository\io\vertx\vertx-web-common\4.5.7\vertx-web-common-4.5.7.jar;C:\Users\CENTOS-1\.m2\repository\io\vertx\vertx-auth-common\4.5.7\vertx-auth-common-4.5.7.jar;C:\Users\CENTOS-1\.m2\repository\io\vertx\vertx-bridge-common\4.5.7\vertx-bridge-common-4.5.7.jar;C:\Users\CENTOS-1\.m2\repository\io\github\crac\org-crac\0.1.3\org-crac-0.1.3.jar;C:\Users\CENTOS-1\.m2\repository\io\quarkus\quarkus-resteasy-server-common\3.8.6\quarkus-resteasy-server-common-3.8.6.jar;C:\Users\CENTOS-1\.m2\repository\io\quarkus\quarkus-arc\3.8.6\quarkus-arc-3.8.6.jar;C:\Users\CENTOS-1\.m2\repository\org\eclipse\microprofile\context-propagation\microprofile-context-propagation-api\1.3\microprofile-context-propagation-api-1.3.jar;C:\Users\CENTOS-1\.m2\repository\io\quarkus\quarkus-resteasy-common\3.8.6\quarkus-resteasy-common-3.8.6.jar;C:\Users\CENTOS-1\.m2\repository\org\jboss\resteasy\resteasy-core\6.2.7.Final\resteasy-core-6.2.7.Final.jar;C:\Users\CENTOS-1\.m2\repository\org\reactivestreams\reactive-streams\1.0.4\reactive-streams-1.0.4.jar;C:\Users\CENTOS-1\.m2\repository\com\ibm\async\asyncutil\0.1.0\asyncutil-0.1.0.jar;C:\Users\CENTOS-1\.m2\repository\org\eclipse\angus\angus-activation\2.0.1\angus-activation-2.0.1.jar;C:\Users\CENTOS-1\.m2\repository\jakarta\ws\rs\jakarta.ws.rs-api\3.1.0\jakarta.ws.rs-api-3.1.0.jar;C:\Users\CENTOS-1\.m2\repository\org\jboss\resteasy\microprofile\microprofile-config\2.1.5.Final\microprofile-config-2.1.5.Final.jar;C:\Users\CENTOS-1\.m2\repository\jakarta\servlet\jakarta.servlet-api\6.0.0\jakarta.servlet-api-6.0.0.jar;C:\Users\CENTOS-1\.m2\repository\org\eclipse\microprofile\config\microprofile-config-api\3.1\microprofile-config-api-3.1.jar;C:\Users\CENTOS-1\.m2\repository\org\jboss\resteasy\resteasy-cdi\6.2.7.Final\resteasy-cdi-6.2.7.Final.jar;C:\Users\CENTOS-1\.m2\repository\jakarta\interceptor\jakarta.interceptor-api\2.1.0\jakarta.interceptor-api-2.1.0.jar;C:\Users\CENTOS-1\.m2\repository\org\jboss\resteasy\resteasy-core-spi\6.2.7.Final\resteasy-core-spi-6.2.7.Final.jar;C:\Users\CENTOS-1\.m2\repository\jakarta\validation\jakarta.validation-api\3.0.2\jakarta.validation-api-3.0.2.jar;C:\Users\CENTOS-1\.m2\repository\io\quarkus\quarkus-resteasy-jackson\3.8.6\quarkus-resteasy-jackson-3.8.6.jar;C:\Users\CENTOS-1\.m2\repository\io\quarkus\quarkus-jackson\3.8.6\quarkus-jackson-3.8.6.jar;C:\Users\CENTOS-1\.m2\repository\com\fasterxml\jackson\core\jackson-databind\2.17.2\jackson-databind-2.17.2.jar;C:\Users\CENTOS-1\.m2\repository\com\fasterxml\jackson\datatype\jackson-datatype-jsr310\2.17.2\jackson-datatype-jsr310-2.17.2.jar;C:\Users\CENTOS-1\.m2\repository\com\fasterxml\jackson\datatype\jackson-datatype-jdk8\2.17.2\jackson-datatype-jdk8-2.17.2.jar;C:\Users\CENTOS-1\.m2\repository\com\fasterxml\jackson\module\jackson-module-parameter-names\2.17.2\jackson-module-parameter-names-2.17.2.jar;C:\Users\CENTOS-1\.m2\repository\org\jboss\resteasy\resteasy-jackson2-provider\6.2.7.Final\resteasy-jackson2-provider-6.2.7.Final.jar;C:\Users\CENTOS-1\.m2\repository\com\fasterxml\jackson\core\jackson-core\2.17.2\jackson-core-2.17.2.jar;C:\Users\CENTOS-1\.m2\repository\com\fasterxml\jackson\core\jackson-annotations\2.17.2\jackson-annotations-2.17.2.jar;C:\Users\CENTOS-1\.m2\repository\com\fasterxml\jackson\jakarta\rs\jackson-jakarta-rs-base\2.17.2\jackson-jakarta-rs-base-2.17.2.jar;C:\Users\CENTOS-1\.m2\repository\com\fasterxml\jackson\jakarta\rs\jackson-jakarta-rs-json-provider\2.17.2\jackson-jakarta-rs-json-provider-2.17.2.jar;C:\Users\CENTOS-1\.m2\repository\com\fasterxml\jackson\module\jackson-module-jakarta-xmlbind-annotations\2.17.2\jackson-module-jakarta-xmlbind-annotations-2.17.2.jar;C:\Users\CENTOS-1\.m2\repository\com\github\java-json-tools\json-patch\1.13\json-patch-1.13.jar;C:\Users\CENTOS-1\.m2\repository\com\github\java-json-tools\msg-simple\1.2\msg-simple-1.2.jar;C:\Users\CENTOS-1\.m2\repository\com\github\java-json-tools\btf\1.3\btf-1.3.jar;C:\Users\CENTOS-1\.m2\repository\com\github\java-json-tools\jackson-coreutils\2.0\jackson-coreutils-2.0.jar;C:\Users\CENTOS-1\.m2\repository\org\jboss\logging\jboss-logging\3.5.3.Final\jboss-logging-3.5.3.Final.jar;C:\Users\CENTOS-1\.m2\repository\jakarta\xml\bind\jakarta.xml.bind-api\4.0.1\jakarta.xml.bind-api-4.0.1.jar;C:\Users\CENTOS-1\.m2\repository\jakarta\activation\jakarta.activation-api\2.1.2\jakarta.activation-api-2.1.2.jar;C:\Users\CENTOS-1\.m2\repository\jakarta\platform\jakarta.jakartaee-api\9.0.0\jakarta.jakartaee-api-9.0.0.jar;"/>
    <property name="java.vm.vendor" value="Oracle Corporation"/>
    <property name="sun.arch.data.model" value="64"/>
    <property name="user.variant" value=""/>
    <property name="java.vendor.url" value="https://java.oracle.com/"/>
    <property name="user.timezone" value="Europe/Bucharest"/>
    <property name="user.country.format" value="RU"/>
    <property name="os.name" value="Windows 10"/>
    <property name="java.vm.specification.version" value="21"/>
    <property name="sun.java.launcher" value="SUN_STANDARD"/>
    <property name="user.country" value="US"/>
    <property name="sun.boot.library.path" value="C:\Program Files\Java\jdk-21\bin"/>
    <property name="sun.java.command" value="C:\Users\CENTOS-1\AppData\Local\Temp\surefire13066003947010305996\surefirebooter-20240904173818499_3.jar C:\Users\CENTOS-1\AppData\Local\Temp\surefire13066003947010305996 2024-09-04T17-38-18_332-jvmRun1 surefire-20240904173818499_1tmp surefire_0-20240904173818499_2tmp"/>
    <property name="jdk.debug" value="release"/>
    <property name="surefire.test.class.path" value="C:\Users\CENTOS-1\Desktop\cod60\Caelynx_workspace\telegrambot\target\test-classes;C:\Users\CENTOS-1\Desktop\cod60\Caelynx_workspace\telegrambot\target\classes;C:\Users\CENTOS-1\.m2\repository\junit\junit\3.8.1\junit-3.8.1.jar;C:\Users\CENTOS-1\.m2\repository\io\quarkus\quarkus-resteasy\3.8.6\quarkus-resteasy-3.8.6.jar;C:\Users\CENTOS-1\.m2\repository\io\quarkus\quarkus-vertx-http\3.8.6\quarkus-vertx-http-3.8.6.jar;C:\Users\CENTOS-1\.m2\repository\io\quarkus\quarkus-core\3.8.6\quarkus-core-3.8.6.jar;C:\Users\CENTOS-1\.m2\repository\jakarta\annotation\jakarta.annotation-api\2.1.1\jakarta.annotation-api-2.1.1.jar;C:\Users\CENTOS-1\.m2\repository\jakarta\enterprise\jakarta.enterprise.cdi-api\4.0.1\jakarta.enterprise.cdi-api-4.0.1.jar;C:\Users\CENTOS-1\.m2\repository\jakarta\enterprise\jakarta.enterprise.lang-model\4.0.1\jakarta.enterprise.lang-model-4.0.1.jar;C:\Users\CENTOS-1\.m2\repository\jakarta\el\jakarta.el-api\5.0.1\jakarta.el-api-5.0.1.jar;C:\Users\CENTOS-1\.m2\repository\jakarta\inject\jakarta.inject-api\2.0.1\jakarta.inject-api-2.0.1.jar;C:\Users\CENTOS-1\.m2\repository\io\smallrye\common\smallrye-common-os\2.2.0\smallrye-common-os-2.2.0.jar;C:\Users\CENTOS-1\.m2\repository\io\quarkus\quarkus-ide-launcher\3.8.6\quarkus-ide-launcher-3.8.6.jar;C:\Users\CENTOS-1\.m2\repository\io\quarkus\quarkus-development-mode-spi\3.8.6\quarkus-development-mode-spi-3.8.6.jar;C:\Users\CENTOS-1\.m2\repository\io\smallrye\config\smallrye-config\3.5.4\smallrye-config-3.5.4.jar;C:\Users\CENTOS-1\.m2\repository\io\smallrye\config\smallrye-config-core\3.5.4\smallrye-config-core-3.5.4.jar;C:\Users\CENTOS-1\.m2\repository\io\smallrye\common\smallrye-common-classloader\2.2.0\smallrye-common-classloader-2.2.0.jar;C:\Users\CENTOS-1\.m2\repository\io\smallrye\config\smallrye-config-common\3.5.4\smallrye-config-common-3.5.4.jar;C:\Users\CENTOS-1\.m2\repository\org\jboss\logmanager\jboss-logmanager\3.0.6.Final\jboss-logmanager-3.0.6.Final.jar;C:\Users\CENTOS-1\.m2\repository\io\smallrye\common\smallrye-common-cpu\2.2.0\smallrye-common-cpu-2.2.0.jar;C:\Users\CENTOS-1\.m2\repository\io\smallrye\common\smallrye-common-expression\2.2.0\smallrye-common-expression-2.2.0.jar;C:\Users\CENTOS-1\.m2\repository\io\smallrye\common\smallrye-common-function\2.2.0\smallrye-common-function-2.2.0.jar;C:\Users\CENTOS-1\.m2\repository\io\smallrye\common\smallrye-common-net\2.2.0\smallrye-common-net-2.2.0.jar;C:\Users\CENTOS-1\.m2\repository\io\smallrye\common\smallrye-common-ref\2.2.0\smallrye-common-ref-2.2.0.jar;C:\Users\CENTOS-1\.m2\repository\jakarta\json\jakarta.json-api\2.1.3\jakarta.json-api-2.1.3.jar;C:\Users\CENTOS-1\.m2\repository\org\eclipse\parsson\parsson\1.1.5\parsson-1.1.5.jar;C:\Users\CENTOS-1\.m2\repository\org\jboss\logging\jboss-logging-annotations\2.2.1.Final\jboss-logging-annotations-2.2.1.Final.jar;C:\Users\CENTOS-1\.m2\repository\org\jboss\threads\jboss-threads\3.5.1.Final\jboss-threads-3.5.1.Final.jar;C:\Users\CENTOS-1\.m2\repository\org\slf4j\slf4j-api\2.0.6\slf4j-api-2.0.6.jar;C:\Users\CENTOS-1\.m2\repository\org\jboss\slf4j\slf4j-jboss-logmanager\2.0.0.Final\slf4j-jboss-logmanager-2.0.0.Final.jar;C:\Users\CENTOS-1\.m2\repository\org\wildfly\common\wildfly-common\1.7.0.Final\wildfly-common-1.7.0.Final.jar;C:\Users\CENTOS-1\.m2\repository\io\quarkus\quarkus-bootstrap-runner\3.8.6\quarkus-bootstrap-runner-3.8.6.jar;C:\Users\CENTOS-1\.m2\repository\io\smallrye\common\smallrye-common-io\2.2.0\smallrye-common-io-2.2.0.jar;C:\Users\CENTOS-1\.m2\repository\io\quarkus\quarkus-fs-util\0.0.10\quarkus-fs-util-0.0.10.jar;C:\Users\CENTOS-1\.m2\repository\io\quarkus\quarkus-security-runtime-spi\3.8.6\quarkus-security-runtime-spi-3.8.6.jar;C:\Users\CENTOS-1\.m2\repository\io\quarkus\quarkus-credentials\3.8.6\quarkus-credentials-3.8.6.jar;C:\Users\CENTOS-1\.m2\repository\io\quarkus\arc\arc\3.8.6\arc-3.8.6.jar;C:\Users\CENTOS-1\.m2\repository\jakarta\transaction\jakarta.transaction-api\2.0.1\jakarta.transaction-api-2.0.1.jar;C:\Users\CENTOS-1\.m2\repository\io\quarkus\quarkus-mutiny\3.8.6\quarkus-mutiny-3.8.6.jar;C:\Users\CENTOS-1\.m2\repository\io\smallrye\reactive\mutiny\2.5.8\mutiny-2.5.8.jar;C:\Users\CENTOS-1\.m2\repository\io\quarkus\quarkus-smallrye-context-propagation\3.8.6\quarkus-smallrye-context-propagation-3.8.6.jar;C:\Users\CENTOS-1\.m2\repository\io\smallrye\smallrye-context-propagation\2.1.2\smallrye-context-propagation-2.1.2.jar;C:\Users\CENTOS-1\.m2\repository\io\smallrye\smallrye-context-propagation-api\2.1.2\smallrye-context-propagation-api-2.1.2.jar;C:\Users\CENTOS-1\.m2\repository\io\smallrye\smallrye-context-propagation-storage\2.1.2\smallrye-context-propagation-storage-2.1.2.jar;C:\Users\CENTOS-1\.m2\repository\io\smallrye\reactive\mutiny-smallrye-context-propagation\2.5.8\mutiny-smallrye-context-propagation-2.5.8.jar;C:\Users\CENTOS-1\.m2\repository\io\smallrye\common\smallrye-common-vertx-context\2.2.0\smallrye-common-vertx-context-2.2.0.jar;C:\Users\CENTOS-1\.m2\repository\io\vertx\vertx-core\4.5.7\vertx-core-4.5.7.jar;C:\Users\CENTOS-1\.m2\repository\io\netty\netty-common\4.1.108.Final\netty-common-4.1.108.Final.jar;C:\Users\CENTOS-1\.m2\repository\io\netty\netty-buffer\4.1.108.Final\netty-buffer-4.1.108.Final.jar;C:\Users\CENTOS-1\.m2\repository\io\netty\netty-transport\4.1.108.Final\netty-transport-4.1.108.Final.jar;C:\Users\CENTOS-1\.m2\repository\io\netty\netty-handler\4.1.108.Final\netty-handler-4.1.108.Final.jar;C:\Users\CENTOS-1\.m2\repository\io\netty\netty-transport-native-unix-common\4.1.108.Final\netty-transport-native-unix-common-4.1.108.Final.jar;C:\Users\CENTOS-1\.m2\repository\io\netty\netty-handler-proxy\4.1.108.Final\netty-handler-proxy-4.1.108.Final.jar;C:\Users\CENTOS-1\.m2\repository\io\netty\netty-codec-socks\4.1.108.Final\netty-codec-socks-4.1.108.Final.jar;C:\Users\CENTOS-1\.m2\repository\io\netty\netty-codec-http\4.1.108.Final\netty-codec-http-4.1.108.Final.jar;C:\Users\CENTOS-1\.m2\repository\io\netty\netty-codec-http2\4.1.108.Final\netty-codec-http2-4.1.108.Final.jar;C:\Users\CENTOS-1\.m2\repository\io\netty\netty-resolver\4.1.108.Final\netty-resolver-4.1.108.Final.jar;C:\Users\CENTOS-1\.m2\repository\io\netty\netty-resolver-dns\4.1.108.Final\netty-resolver-dns-4.1.108.Final.jar;C:\Users\CENTOS-1\.m2\repository\io\netty\netty-codec-dns\4.1.108.Final\netty-codec-dns-4.1.108.Final.jar;C:\Users\CENTOS-1\.m2\repository\io\smallrye\common\smallrye-common-constraint\2.2.0\smallrye-common-constraint-2.2.0.jar;C:\Users\CENTOS-1\.m2\repository\io\quarkus\security\quarkus-security\2.0.3.Final\quarkus-security-2.0.3.Final.jar;C:\Users\CENTOS-1\.m2\repository\io\quarkus\quarkus-vertx\3.8.6\quarkus-vertx-3.8.6.jar;C:\Users\CENTOS-1\.m2\repository\io\quarkus\quarkus-netty\3.8.6\quarkus-netty-3.8.6.jar;C:\Users\CENTOS-1\.m2\repository\io\netty\netty-codec\4.1.108.Final\netty-codec-4.1.108.Final.jar;C:\Users\CENTOS-1\.m2\repository\com\aayushatharva\brotli4j\brotli4j\1.16.0\brotli4j-1.16.0.jar;C:\Users\CENTOS-1\.m2\repository\com\aayushatharva\brotli4j\service\1.16.0\service-1.16.0.jar;C:\Users\CENTOS-1\.m2\repository\com\aayushatharva\brotli4j\native-windows-x86_64\1.16.0\native-windows-x86_64-1.16.0.jar;C:\Users\CENTOS-1\.m2\repository\io\netty\netty-codec-haproxy\4.1.108.Final\netty-codec-haproxy-4.1.108.Final.jar;C:\Users\CENTOS-1\.m2\repository\io\smallrye\common\smallrye-common-annotation\2.2.0\smallrye-common-annotation-2.2.0.jar;C:\Users\CENTOS-1\.m2\repository\io\quarkus\quarkus-virtual-threads\3.8.6\quarkus-virtual-threads-3.8.6.jar;C:\Users\CENTOS-1\.m2\repository\io\quarkus\quarkus-vertx-latebound-mdc-provider\3.8.6\quarkus-vertx-latebound-mdc-provider-3.8.6.jar;C:\Users\CENTOS-1\.m2\repository\io\smallrye\reactive\smallrye-mutiny-vertx-core\3.11.0\smallrye-mutiny-vertx-core-3.11.0.jar;C:\Users\CENTOS-1\.m2\repository\io\smallrye\reactive\smallrye-mutiny-vertx-runtime\3.11.0\smallrye-mutiny-vertx-runtime-3.11.0.jar;C:\Users\CENTOS-1\.m2\repository\io\smallrye\reactive\vertx-mutiny-generator\3.11.0\vertx-mutiny-generator-3.11.0.jar;C:\Users\CENTOS-1\.m2\repository\io\vertx\vertx-codegen\4.5.7\vertx-codegen-4.5.7.jar;C:\Users\CENTOS-1\.m2\repository\io\smallrye\smallrye-fault-tolerance-vertx\6.2.6\smallrye-fault-tolerance-vertx-6.2.6.jar;C:\Users\CENTOS-1\.m2\repository\io\smallrye\reactive\smallrye-mutiny-vertx-web\3.11.0\smallrye-mutiny-vertx-web-3.11.0.jar;C:\Users\CENTOS-1\.m2\repository\io\smallrye\reactive\smallrye-mutiny-vertx-web-common\3.11.0\smallrye-mutiny-vertx-web-common-3.11.0.jar;C:\Users\CENTOS-1\.m2\repository\io\smallrye\reactive\smallrye-mutiny-vertx-auth-common\3.11.0\smallrye-mutiny-vertx-auth-common-3.11.0.jar;C:\Users\CENTOS-1\.m2\repository\io\smallrye\reactive\smallrye-mutiny-vertx-bridge-common\3.11.0\smallrye-mutiny-vertx-bridge-common-3.11.0.jar;C:\Users\CENTOS-1\.m2\repository\io\smallrye\reactive\smallrye-mutiny-vertx-uri-template\3.11.0\smallrye-mutiny-vertx-uri-template-3.11.0.jar;C:\Users\CENTOS-1\.m2\repository\io\vertx\vertx-uri-template\4.5.7\vertx-uri-template-4.5.7.jar;C:\Users\CENTOS-1\.m2\repository\io\vertx\vertx-web\4.5.7\vertx-web-4.5.7.jar;C:\Users\CENTOS-1\.m2\repository\io\vertx\vertx-web-common\4.5.7\vertx-web-common-4.5.7.jar;C:\Users\CENTOS-1\.m2\repository\io\vertx\vertx-auth-common\4.5.7\vertx-auth-common-4.5.7.jar;C:\Users\CENTOS-1\.m2\repository\io\vertx\vertx-bridge-common\4.5.7\vertx-bridge-common-4.5.7.jar;C:\Users\CENTOS-1\.m2\repository\io\github\crac\org-crac\0.1.3\org-crac-0.1.3.jar;C:\Users\CENTOS-1\.m2\repository\io\quarkus\quarkus-resteasy-server-common\3.8.6\quarkus-resteasy-server-common-3.8.6.jar;C:\Users\CENTOS-1\.m2\repository\io\quarkus\quarkus-arc\3.8.6\quarkus-arc-3.8.6.jar;C:\Users\CENTOS-1\.m2\repository\org\eclipse\microprofile\context-propagation\microprofile-context-propagation-api\1.3\microprofile-context-propagation-api-1.3.jar;C:\Users\CENTOS-1\.m2\repository\io\quarkus\quarkus-resteasy-common\3.8.6\quarkus-resteasy-common-3.8.6.jar;C:\Users\CENTOS-1\.m2\repository\org\jboss\resteasy\resteasy-core\6.2.7.Final\resteasy-core-6.2.7.Final.jar;C:\Users\CENTOS-1\.m2\repository\org\reactivestreams\reactive-streams\1.0.4\reactive-streams-1.0.4.jar;C:\Users\CENTOS-1\.m2\repository\com\ibm\async\asyncutil\0.1.0\asyncutil-0.1.0.jar;C:\Users\CENTOS-1\.m2\repository\org\eclipse\angus\angus-activation\2.0.1\angus-activation-2.0.1.jar;C:\Users\CENTOS-1\.m2\repository\jakarta\ws\rs\jakarta.ws.rs-api\3.1.0\jakarta.ws.rs-api-3.1.0.jar;C:\Users\CENTOS-1\.m2\repository\org\jboss\resteasy\microprofile\microprofile-config\2.1.5.Final\microprofile-config-2.1.5.Final.jar;C:\Users\CENTOS-1\.m2\repository\jakarta\servlet\jakarta.servlet-api\6.0.0\jakarta.servlet-api-6.0.0.jar;C:\Users\CENTOS-1\.m2\repository\org\eclipse\microprofile\config\microprofile-config-api\3.1\microprofile-config-api-3.1.jar;C:\Users\CENTOS-1\.m2\repository\org\jboss\resteasy\resteasy-cdi\6.2.7.Final\resteasy-cdi-6.2.7.Final.jar;C:\Users\CENTOS-1\.m2\repository\jakarta\interceptor\jakarta.interceptor-api\2.1.0\jakarta.interceptor-api-2.1.0.jar;C:\Users\CENTOS-1\.m2\repository\org\jboss\resteasy\resteasy-core-spi\6.2.7.Final\resteasy-core-spi-6.2.7.Final.jar;C:\Users\CENTOS-1\.m2\repository\jakarta\validation\jakarta.validation-api\3.0.2\jakarta.validation-api-3.0.2.jar;C:\Users\CENTOS-1\.m2\repository\io\quarkus\quarkus-resteasy-jackson\3.8.6\quarkus-resteasy-jackson-3.8.6.jar;C:\Users\CENTOS-1\.m2\repository\io\quarkus\quarkus-jackson\3.8.6\quarkus-jackson-3.8.6.jar;C:\Users\CENTOS-1\.m2\repository\com\fasterxml\jackson\core\jackson-databind\2.17.2\jackson-databind-2.17.2.jar;C:\Users\CENTOS-1\.m2\repository\com\fasterxml\jackson\datatype\jackson-datatype-jsr310\2.17.2\jackson-datatype-jsr310-2.17.2.jar;C:\Users\CENTOS-1\.m2\repository\com\fasterxml\jackson\datatype\jackson-datatype-jdk8\2.17.2\jackson-datatype-jdk8-2.17.2.jar;C:\Users\CENTOS-1\.m2\repository\com\fasterxml\jackson\module\jackson-module-parameter-names\2.17.2\jackson-module-parameter-names-2.17.2.jar;C:\Users\CENTOS-1\.m2\repository\org\jboss\resteasy\resteasy-jackson2-provider\6.2.7.Final\resteasy-jackson2-provider-6.2.7.Final.jar;C:\Users\CENTOS-1\.m2\repository\com\fasterxml\jackson\core\jackson-core\2.17.2\jackson-core-2.17.2.jar;C:\Users\CENTOS-1\.m2\repository\com\fasterxml\jackson\core\jackson-annotations\2.17.2\jackson-annotations-2.17.2.jar;C:\Users\CENTOS-1\.m2\repository\com\fasterxml\jackson\jakarta\rs\jackson-jakarta-rs-base\2.17.2\jackson-jakarta-rs-base-2.17.2.jar;C:\Users\CENTOS-1\.m2\repository\com\fasterxml\jackson\jakarta\rs\jackson-jakarta-rs-json-provider\2.17.2\jackson-jakarta-rs-json-provider-2.17.2.jar;C:\Users\CENTOS-1\.m2\repository\com\fasterxml\jackson\module\jackson-module-jakarta-xmlbind-annotations\2.17.2\jackson-module-jakarta-xmlbind-annotations-2.17.2.jar;C:\Users\CENTOS-1\.m2\repository\com\github\java-json-tools\json-patch\1.13\json-patch-1.13.jar;C:\Users\CENTOS-1\.m2\repository\com\github\java-json-tools\msg-simple\1.2\msg-simple-1.2.jar;C:\Users\CENTOS-1\.m2\repository\com\github\java-json-tools\btf\1.3\btf-1.3.jar;C:\Users\CENTOS-1\.m2\repository\com\github\java-json-tools\jackson-coreutils\2.0\jackson-coreutils-2.0.jar;C:\Users\CENTOS-1\.m2\repository\org\jboss\logging\jboss-logging\3.5.3.Final\jboss-logging-3.5.3.Final.jar;C:\Users\CENTOS-1\.m2\repository\jakarta\xml\bind\jakarta.xml.bind-api\4.0.1\jakarta.xml.bind-api-4.0.1.jar;C:\Users\CENTOS-1\.m2\repository\jakarta\activation\jakarta.activation-api\2.1.2\jakarta.activation-api-2.1.2.jar;C:\Users\CENTOS-1\.m2\repository\jakarta\platform\jakarta.jakartaee-api\9.0.0\jakarta.jakartaee-api-9.0.0.jar;"/>
    <property name="sun.cpu.endian" value="little"/>
    <property name="user.home" value="C:\Users\CENTOS-1"/>
    <property name="user.language" value="en"/>
    <property name="java.specification.vendor" value="Oracle Corporation"/>
    <property name="java.version.date" value="2024-04-16"/>
    <property name="java.home" value="C:\Program Files\Java\jdk-21"/>
    <property name="file.separator" value="\"/>
    <property name="basedir" value="C:\Users\CENTOS-1\Desktop\cod60\Caelynx_workspace\telegrambot"/>
    <property name="java.vm.compressedOopsMode" value="Zero based"/>
    <property name="line.separator" value="&#10;"/>
    <property name="java.vm.specification.vendor" value="Oracle Corporation"/>
    <property name="java.specification.name" value="Java Platform API Specification"/>
    <property name="surefire.real.class.path" value="C:\Users\CENTOS-1\AppData\Local\Temp\surefire13066003947010305996\surefirebooter-20240904173818499_3.jar"/>
    <property name="user.script" value=""/>
    <property name="sun.management.compiler" value="HotSpot 64-Bit Tiered Compilers"/>
    <property name="java.runtime.version" value="21.0.3+7-LTS-152"/>
    <property name="user.name" value="CENTOS-1"/>
    <property name="stdout.encoding" value="Cp1252"/>
    <property name="path.separator" value=";"/>
    <property name="os.version" value="10.0"/>
    <property name="java.runtime.name" value="Java(TM) SE Runtime Environment"/>
    <property name="file.encoding" value="UTF-8"/>
    <property name="java.vm.name" value="Java HotSpot(TM) 64-Bit Server VM"/>
    <property name="localRepository" value="C:\Users\CENTOS-1\.m2\repository"/>
    <property name="java.vendor.url.bug" value="https://bugreport.java.com/bugreport/"/>
    <property name="java.io.tmpdir" value="C:\Users\CENTOS-1\AppData\Local\Temp\"/>
    <property name="java.version" value="21.0.3"/>
    <property name="user.dir" value="C:\Users\CENTOS-1\Desktop\cod60\Caelynx_workspace\telegrambot"/>
    <property name="os.arch" value="amd64"/>
    <property name="java.vm.specification.name" value="Java Virtual Machine Specification"/>
    <property name="user.language.format" value="ru"/>
    <property name="sun.os.patch.level" value=""/>
    <property name="native.encoding" value="Cp1252"/>
    <property name="java.library.path" value="C:\Program Files\Java\jdk-21\bin;C:\Windows\Sun\Java\bin;C:\Windows\system32;C:\Windows;C:\Program Files (x86)\Common Files\Oracle\Java\javapath;C:\Program Files\Common Files\Oracle\Java\javapath;C:\SIMULIA\Commands;C:\Program Files\Microsoft MPI\Bin\;C:\Windows\system32;C:\Windows;C:\Windows\System32\Wbem;C:\Windows\System32\WindowsPowerShell\v1.0\;C:\Windows\System32\OpenSSH\;C:\Program Files\Git\cmd;C:\ProgramData\chocolatey\bin;C:\MinGW-w64\x86_64-6.4.0-posix-seh-rt_v5-rev0\mingw64\bin;C:\maven\apache-maven-3.9.9\bin;C:\Program Files\Java\jdk-21\bin;C:\Users\CENTOS-1\AppData\Local\Microsoft\WindowsApps;C:\FEMCAS\solvers;C:\maven\apache-maven-3.9.9\bin;C:\Program Files\Java\jdk-21\bin;;."/>
    <property name="java.vm.info" value="mixed mode, sharing"/>
    <property name="stderr.encoding" value="Cp1252"/>
    <property name="java.vendor" value="Oracle Corporation"/>
    <property name="java.vm.version" value="21.0.3+7-LTS-152"/>
    <property name="sun.io.unicode.encoding" value="UnicodeLittle"/>
    <property name="java.class.version" value="65.0"/>
  </properties>
  <testcase name="testApp" classname="org.sample.telegrambot.AppTest" time="0.005"/>
</testsuite>